<?xml version="1.0" encoding="UTF-8"?>
<testsuite xmlns:xsi="http://www.w3.org/2001/XMLSchema-instance" xsi:noNamespaceSchemaLocation="https://maven.apache.org/surefire/maven-surefire-plugin/xsd/surefire-test-report.xsd" version="3.0.2" name="com.aratech.servicos.ServicosApplicationTests" time="4.392" tests="1" errors="0" skipped="0" failures="0" flakes="0">
  <properties>
[...]
</properties>
  <testcase name="contextLoads" classname="com.aratech.servicos.ServicosApplicationTests" time="1.444">
    <system-out><![CDATA[19:29:19.386 [main] INFO org.springframework.test.context.support.AnnotationConfigContextLoaderUtils -- Could not detect default configuration classes for test class [com.aratech.servicos.ServicosApplicationTests]: ServicosApplicationTests does not declare any static, non-private, non-final, nested classes annotated with @Configuration.
19:29:19.709 [main] INFO org.springframework.boot.test.context.SpringBootTestContextBootstrapper -- Found @SpringBootConfiguration com.aratech.servicos.ServicosApplication for test class com.aratech.servicos.ServicosApplicationTests
19:29:19.984 [main] INFO org.springframework.test.context.support.AnnotationConfigContextLoaderUtils -- Could not detect default configuration classes for test class [com.aratech.servicos.ServicosApplicationTests]: ServicosApplicationTests does not declare any static, non-private, non-final, nested classes annotated with @Configuration.
19:29:19.987 [main] INFO org.springframework.boot.test.context.SpringBootTestContextBootstrapper -- Found @SpringBootConfiguration com.aratech.servicos.ServicosApplication for test class com.aratech.servicos.ServicosApplicationTests

  .   ____          _            __ _ _
 /\\ / ___'_ __ _ _(_)_ __  __ _ \ \ \ \
( ( )\___ | '_ | '_| | '_ \/ _` | \ \ \ \
 \\/  ___)| |_)| | | | | || (_| |  ) ) ) )
  '  |____| .__|_| |_|_| |_\__, | / / / /
 =========|_|==============|___/=/_/_/_/

 :: Spring Boot ::                (v4.1.0)

2026-06-20T19:29:20.869-03:00  INFO 324 --- [servicos] [           main] c.a.servicos.ServicosApplicationTests    : Starting ServicosApplicationTests using Java 21.0.9 with PID 324 (started by mfsco in C:\Users\mfsco\OneDrive\Documentos\projetos\AratechMoveis\servicos)
2026-06-20T19:29:20.873-03:00  INFO 324 --- [servicos] [           main] c.a.servicos.ServicosApplicationTests    : No active profile set, falling back to 1 default profile: "default"
2026-06-20T19:29:21.629-03:00  INFO 324 --- [servicos] [           main] c.a.servicos.ServicosApplicationTests    : Started ServicosApplicationTests in 1.517 seconds (process running for 4.425)
]]></system-out>
    <system-err><![CDATA[Mockito is currently self-attaching to enable the inline-mock-maker. This will no longer work in future releases of the JDK. Please add Mockito as an agent to your build as described in Mockito's documentation: https://javadoc.io/doc/org.mockito/mockito-core/latest/org.mockito/org/mockito/Mockito.html#0.3
WARNING: A Java agent has been loaded dynamically (C:\Users\mfsco\.m2\repository\net\bytebuddy\byte-buddy-agent\1.18.10\byte-buddy-agent-1.18.10.jar)
WARNING: If a serviceability tool is in use, please run with -XX:+EnableDynamicAgentLoading to hide this warning
WARNING: If a serviceability tool is not in use, please run with -Djdk.instrument.traceUsage for more information
WARNING: Dynamic loading of agents will be disallowed by default in a future release
]]></system-err>
  </testcase>
</testsuite>